timestamp: 2015-10-12T22:11:48.490061
CREATE TABLE auth_user(
    id INTEGER PRIMARY KEY AUTOINCREMENT,
    first_name CHAR(128),
    last_name CHAR(128),
    email CHAR(512),
    password CHAR(512),
    registration_key CHAR(512),
    reset_password_key CHAR(512),
    registration_id CHAR(512)
);
success!
timestamp: 2015-10-12T22:11:48.586716
CREATE TABLE auth_group(
    id INTEGER PRIMARY KEY AUTOINCREMENT,
    role CHAR(512),
    description TEXT
);
success!
timestamp: 2015-10-12T22:11:48.686878
CREATE TABLE auth_membership(
    id INTEGER PRIMARY KEY AUTOINCREMENT,
    user_id INTEGER REFERENCES auth_user (id) ON DELETE CASCADE  ,
    group_id INTEGER REFERENCES auth_group (id) ON DELETE CASCADE  
);
success!
timestamp: 2015-10-12T22:11:48.800288
CREATE TABLE auth_permission(
    id INTEGER PRIMARY KEY AUTOINCREMENT,
    group_id INTEGER REFERENCES auth_group (id) ON DELETE CASCADE  ,
    name CHAR(512),
    table_name CHAR(512),
    record_id INTEGER
);
success!
timestamp: 2015-10-12T22:11:48.860248
CREATE TABLE auth_event(
    id INTEGER PRIMARY KEY AUTOINCREMENT,
    time_stamp TIMESTAMP,
    client_ip CHAR(512),
    user_id INTEGER REFERENCES auth_user (id) ON DELETE CASCADE  ,
    origin CHAR(512),
    description TEXT
);
success!
timestamp: 2015-10-12T22:11:48.925925
CREATE TABLE auth_cas(
    id INTEGER PRIMARY KEY AUTOINCREMENT,
    user_id INTEGER REFERENCES auth_user (id) ON DELETE CASCADE  ,
    created_on TIMESTAMP,
    service CHAR(512),
    ticket CHAR(512),
    renew CHAR(1)
);
success!
timestamp: 2015-10-14T10:43:07.453249
CREATE TABLE auth_user(
    id INT AUTO_INCREMENT NOT NULL,
    first_name VARCHAR(128),
    last_name VARCHAR(128),
    email VARCHAR(512),
    password VARCHAR(512),
    registration_key VARCHAR(512),
    reset_password_key VARCHAR(512),
    registration_id VARCHAR(512),
    PRIMARY KEY (id)
) ENGINE=InnoDB CHARACTER SET utf8;
success!
timestamp: 2015-10-14T10:43:07.580561
CREATE TABLE auth_group(
    id INT AUTO_INCREMENT NOT NULL,
    role VARCHAR(512),
    description LONGTEXT,
    PRIMARY KEY (id)
) ENGINE=InnoDB CHARACTER SET utf8;
success!
timestamp: 2015-10-14T10:43:07.652093
CREATE TABLE auth_membership(
    id INT AUTO_INCREMENT NOT NULL,
    user_id INT  , INDEX user_id__idx (user_id), FOREIGN KEY (user_id) REFERENCES auth_user (id) ON DELETE CASCADE,
    group_id INT  , INDEX group_id__idx (group_id), FOREIGN KEY (group_id) REFERENCES auth_group (id) ON DELETE CASCADE,
    PRIMARY KEY (id)
) ENGINE=InnoDB CHARACTER SET utf8;
success!
timestamp: 2015-10-14T10:43:07.664291
CREATE TABLE auth_permission(
    id INT AUTO_INCREMENT NOT NULL,
    group_id INT  , INDEX group_id__idx (group_id), FOREIGN KEY (group_id) REFERENCES auth_group (id) ON DELETE CASCADE,
    name VARCHAR(512),
    table_name VARCHAR(512),
    record_id INT,
    PRIMARY KEY (id)
) ENGINE=InnoDB CHARACTER SET utf8;
success!
timestamp: 2015-10-14T10:43:07.677729
CREATE TABLE auth_event(
    id INT AUTO_INCREMENT NOT NULL,
    time_stamp DATETIME,
    client_ip VARCHAR(512),
    user_id INT  , INDEX user_id__idx (user_id), FOREIGN KEY (user_id) REFERENCES auth_user (id) ON DELETE CASCADE,
    origin VARCHAR(512),
    description LONGTEXT,
    PRIMARY KEY (id)
) ENGINE=InnoDB CHARACTER SET utf8;
success!
timestamp: 2015-10-14T10:43:07.692276
CREATE TABLE auth_cas(
    id INT AUTO_INCREMENT NOT NULL,
    user_id INT  , INDEX user_id__idx (user_id), FOREIGN KEY (user_id) REFERENCES auth_user (id) ON DELETE CASCADE,
    created_on DATETIME,
    service VARCHAR(512),
    ticket VARCHAR(512),
    renew CHAR(1),
    PRIMARY KEY (id)
) ENGINE=InnoDB CHARACTER SET utf8;
success!
timestamp: 2015-10-14T10:52:30.201360
CREATE TABLE ligue(
    id INT AUTO_INCREMENT NOT NULL,
    nom VARCHAR(512),
    adresseRue VARCHAR(512),
    ville VARCHAR(512),
    cp VARCHAR(512),
    tel VARCHAR(512),
    URLSiteWeb VARCHAR(512),
    PRIMARY KEY (id)
) ENGINE=InnoDB CHARACTER SET utf8;
success!
timestamp: 2015-10-14T10:59:41.764147
ALTER TABLE ligue ADD emailcontact VARCHAR(512);
success!
success!
timestamp: 2015-10-14T13:12:06.518000
CREATE TABLE auth_user(
    id INT AUTO_INCREMENT NOT NULL,
    first_name VARCHAR(128),
    last_name VARCHAR(128),
    email VARCHAR(512),
    password VARCHAR(512),
    registration_key VARCHAR(512),
    reset_password_key VARCHAR(512),
    registration_id VARCHAR(512),
    PRIMARY KEY (id)
) ENGINE=InnoDB CHARACTER SET utf8;
timestamp: 2015-10-14T13:12:27.841000
CREATE TABLE auth_user(
    id INT AUTO_INCREMENT NOT NULL,
    first_name VARCHAR(128),
    last_name VARCHAR(128),
    email VARCHAR(512),
    password VARCHAR(512),
    registration_key VARCHAR(512),
    reset_password_key VARCHAR(512),
    registration_id VARCHAR(512),
    PRIMARY KEY (id)
) ENGINE=InnoDB CHARACTER SET utf8;
timestamp: 2015-10-14T13:12:33.800000
CREATE TABLE auth_user(
    id INT AUTO_INCREMENT NOT NULL,
    first_name VARCHAR(128),
    last_name VARCHAR(128),
    email VARCHAR(512),
    password VARCHAR(512),
    registration_key VARCHAR(512),
    reset_password_key VARCHAR(512),
    registration_id VARCHAR(512),
    PRIMARY KEY (id)
) ENGINE=InnoDB CHARACTER SET utf8;
timestamp: 2015-10-14T13:13:04.654000
CREATE TABLE auth_user(
    id INT AUTO_INCREMENT NOT NULL,
    first_name VARCHAR(128),
    last_name VARCHAR(128),
    email VARCHAR(512),
    password VARCHAR(512),
    registration_key VARCHAR(512),
    reset_password_key VARCHAR(512),
    registration_id VARCHAR(512),
    PRIMARY KEY (id)
) ENGINE=InnoDB CHARACTER SET utf8;
timestamp: 2015-10-14T13:13:33.748000
CREATE TABLE auth_user(
    id INT AUTO_INCREMENT NOT NULL,
    first_name VARCHAR(128),
    last_name VARCHAR(128),
    email VARCHAR(512),
    password VARCHAR(512),
    registration_key VARCHAR(512),
    reset_password_key VARCHAR(512),
    registration_id VARCHAR(512),
    PRIMARY KEY (id)
) ENGINE=InnoDB CHARACTER SET utf8;
timestamp: 2015-10-14T13:14:33.794000
CREATE TABLE auth_user(
    id INT AUTO_INCREMENT NOT NULL,
    first_name VARCHAR(128),
    last_name VARCHAR(128),
    email VARCHAR(512),
    password VARCHAR(512),
    registration_key VARCHAR(512),
    reset_password_key VARCHAR(512),
    registration_id VARCHAR(512),
    PRIMARY KEY (id)
) ENGINE=InnoDB CHARACTER SET utf8;
timestamp: 2015-10-14T13:14:47.749000
CREATE TABLE auth_user(
    id INT AUTO_INCREMENT NOT NULL,
    first_name VARCHAR(128),
    last_name VARCHAR(128),
    email VARCHAR(512),
    password VARCHAR(512),
    registration_key VARCHAR(512),
    reset_password_key VARCHAR(512),
    registration_id VARCHAR(512),
    PRIMARY KEY (id)
) ENGINE=InnoDB CHARACTER SET utf8;
timestamp: 2015-10-14T13:14:53.451000
CREATE TABLE auth_user(
    id INT AUTO_INCREMENT NOT NULL,
    first_name VARCHAR(128),
    last_name VARCHAR(128),
    email VARCHAR(512),
    password VARCHAR(512),
    registration_key VARCHAR(512),
    reset_password_key VARCHAR(512),
    registration_id VARCHAR(512),
    PRIMARY KEY (id)
) ENGINE=InnoDB CHARACTER SET utf8;
timestamp: 2015-10-14T13:15:07.378000
CREATE TABLE auth_user(
    id INT AUTO_INCREMENT NOT NULL,
    first_name VARCHAR(128),
    last_name VARCHAR(128),
    email VARCHAR(512),
    password VARCHAR(512),
    registration_key VARCHAR(512),
    reset_password_key VARCHAR(512),
    registration_id VARCHAR(512),
    PRIMARY KEY (id)
) ENGINE=InnoDB CHARACTER SET utf8;
timestamp: 2015-10-14T13:15:33.816000
CREATE TABLE auth_user(
    id INT AUTO_INCREMENT NOT NULL,
    first_name VARCHAR(128),
    last_name VARCHAR(128),
    email VARCHAR(512),
    password VARCHAR(512),
    registration_key VARCHAR(512),
    reset_password_key VARCHAR(512),
    registration_id VARCHAR(512),
    PRIMARY KEY (id)
) ENGINE=InnoDB CHARACTER SET utf8;
timestamp: 2015-10-14T13:15:53.276000
CREATE TABLE auth_user(
    id INT AUTO_INCREMENT NOT NULL,
    first_name VARCHAR(128),
    last_name VARCHAR(128),
    email VARCHAR(512),
    password VARCHAR(512),
    registration_key VARCHAR(512),
    reset_password_key VARCHAR(512),
    registration_id VARCHAR(512),
    PRIMARY KEY (id)
) ENGINE=InnoDB CHARACTER SET utf8;
timestamp: 2015-10-14T13:16:33.754000
CREATE TABLE auth_user(
    id INT AUTO_INCREMENT NOT NULL,
    first_name VARCHAR(128),
    last_name VARCHAR(128),
    email VARCHAR(512),
    password VARCHAR(512),
    registration_key VARCHAR(512),
    reset_password_key VARCHAR(512),
    registration_id VARCHAR(512),
    PRIMARY KEY (id)
) ENGINE=InnoDB CHARACTER SET utf8;
timestamp: 2015-10-14T13:16:49.439000
CREATE TABLE auth_user(
    id INT AUTO_INCREMENT NOT NULL,
    first_name VARCHAR(128),
    last_name VARCHAR(128),
    email VARCHAR(512),
    password VARCHAR(512),
    registration_key VARCHAR(512),
    reset_password_key VARCHAR(512),
    registration_id VARCHAR(512),
    PRIMARY KEY (id)
) ENGINE=InnoDB CHARACTER SET utf8;
timestamp: 2015-10-14T13:17:04.952000
CREATE TABLE auth_user(
    id INT AUTO_INCREMENT NOT NULL,
    first_name VARCHAR(128),
    last_name VARCHAR(128),
    email VARCHAR(512),
    password VARCHAR(512),
    registration_key VARCHAR(512),
    reset_password_key VARCHAR(512),
    registration_id VARCHAR(512),
    PRIMARY KEY (id)
) ENGINE=InnoDB CHARACTER SET utf8;
